/tools/cadence_march2021/XCELIUM2009/tools.lnx86/inca/bin/64bit/xmsim
Obtained 20 stack frames.
/tools/cadence_march2021/XCELIUM2009/tools.lnx86/inca/bin/64bit/../../../lib/64bit/libcbreakpad.so(_Z13use_backtracev+0x9d) [0x7f6a7272bae9]
/tools/cadence_march2021/XCELIUM2009/tools.lnx86/inca/bin/64bit/../../../lib/64bit/libcbreakpad.so(cbpad_generate_dump_on_demand+0x66) [0x7f6a7272be3c]
xmsim() [0x1793e5c]
xmsim(serror+0x95) [0x1795565]
xmsim() [0xad7fd4]
/lib64/libpthread.so.0(+0xf630) [0x7f6a737e0630]
/lib64/libc.so.6(gsignal+0x37) [0x7f6a7299b387]
/lib64/libc.so.6(abort+0x148) [0x7f6a7299ca78]
/tools/cadence_march2021/XCELIUM2009/tools.lnx86/inca/bin/64bit/../../../lib/64bit/libstdc++.so.6(_ZN9__gnu_cxx27__verbose_terminate_handlerEv+0x15d) [0x7f6a72fdb12d]
/tools/cadence_march2021/XCELIUM2009/tools.lnx86/inca/bin/64bit/../../../lib/64bit/libstdc++.so.6(+0x8f0f6) [0x7f6a72fd90f6]
/tools/cadence_march2021/XCELIUM2009/tools.lnx86/inca/bin/64bit/../../../lib/64bit/libstdc++.so.6(+0x8f141) [0x7f6a72fd9141]
/tools/cadence_march2021/XCELIUM2009/tools.lnx86/inca/bin/64bit/../../../lib/64bit/libstdc++.so.6(+0x8f0ea) [0x7f6a72fd90ea]
/tools/cadence_march2021/XCELIUM2009/tools/lib/64bit/libtbb.so.2(+0x28b28) [0x7f6a61b31b28]
/tools/cadence_march2021/XCELIUM2009/tools/lib/64bit/libtbb.so.2(+0x262aa) [0x7f6a61b2f2aa]
/tools/cadence_march2021/XCELIUM2009/tools/lib/64bit/libtbb.so.2(_ZN3tbb8pipeline3runEmRNS_18task_group_contextE+0xc9) [0x7f6a61b21bd9]
/tools/cadence_march2021/XCELIUM2009/tools/lib/64bit/libtbb.so.2(_ZN3tbb8pipeline3runEm+0x67) [0x7f6a61b21ac7]
/tools/cadence_march2021/XCELIUM2009/tools/lib/64bit/libtbbshm.so(_ZN6tbbshm15PipelineManager3runEv+0xd0) [0x7f6a61d731b0]
/tools/cadence_march2021/XCELIUM2009/tools/lib/64bit/libtbbshm.so(_ZN3tbb8internal16thread_closure_0IPFvvEE13start_routineEPv+0x6) [0x7f6a61d73356]
/lib64/libpthread.so.0(+0x7ea5) [0x7f6a737d8ea5]
/lib64/libc.so.6(clone+0x6d) [0x7f6a72a63b0d]
